<?xml version="1.0" encoding="UTF-8"?>
<testng-results skipped="3" failed="1" ignored="10" total="28" passed="14">
  <reporter-output>
    <line>
      <![CDATA[Title is correct]]>
    </line>
    <line>
      <![CDATA[User is in Admin]]>
    </line>
    <line>
      <![CDATA[User is in User Management]]>
    </line>
    <line>
      <![CDATA[User is in Job]]>
    </line>
    <line>
      <![CDATA[User is in Organization]]>
    </line>
    <line>
      <![CDATA[User is in Qualifications]]>
    </line>
    <line>
      <![CDATA[User is in Dashboard]]>
    </line>
    <line>
      <![CDATA[There are no items displayed]]>
    </line>
    <line>
      <![CDATA[There are no items displayed]]>
    </line>
    <line>
      <![CDATA[There are no items displayed]]>
    </line>
    <line>
      <![CDATA[There are no items displayed]]>
    </line>
  </reporter-output>
  <suite name="Suite" duration-ms="76938" started-at="2021-03-12T11:07:18Z" finished-at="2021-03-12T11:08:35Z">
    <groups>
    </groups>
    <test name="Test" duration-ms="76938" started-at="2021-03-12T11:07:18Z" finished-at="2021-03-12T11:08:35Z">
      <class name="com.qa.testscripts.getPageTitleForDifferentMenusTC8">
        <test-method status="PASS" signature="loadPages()[pri:0, instance:com.qa.testscripts.getPageTitleForDifferentMenusTC8@6b09bb57]" name="loadPages" is-config="true" duration-ms="4" started-at="2021-03-12T11:07:39Z" finished-at="2021-03-12T11:07:39Z">
          <reporter-output>
          </reporter-output>
        </test-method> <!-- loadPages -->
        <test-method status="PASS" signature="AdminMenu()[pri:5, instance:com.qa.testscripts.getPageTitleForDifferentMenusTC8@6b09bb57]" name="AdminMenu" duration-ms="1843" started-at="2021-03-12T11:07:39Z" finished-at="2021-03-12T11:07:40Z">
          <reporter-output>
          </reporter-output>
        </test-method> <!-- AdminMenu -->
        <test-method status="PASS" signature="loadPages()[pri:0, instance:com.qa.testscripts.getPageTitleForDifferentMenusTC8@6b09bb57]" name="loadPages" is-config="true" duration-ms="2" started-at="2021-03-12T11:07:40Z" finished-at="2021-03-12T11:07:40Z">
          <reporter-output>
          </reporter-output>
        </test-method> <!-- loadPages -->
        <test-method status="PASS" signature="PIMMenu()[pri:6, instance:com.qa.testscripts.getPageTitleForDifferentMenusTC8@6b09bb57]" name="PIMMenu" duration-ms="1829" started-at="2021-03-12T11:07:40Z" finished-at="2021-03-12T11:07:42Z">
          <reporter-output>
          </reporter-output>
        </test-method> <!-- PIMMenu -->
        <test-method status="PASS" signature="loadPages()[pri:0, instance:com.qa.testscripts.getPageTitleForDifferentMenusTC8@6b09bb57]" name="loadPages" is-config="true" duration-ms="1" started-at="2021-03-12T11:07:42Z" finished-at="2021-03-12T11:07:42Z">
          <reporter-output>
          </reporter-output>
        </test-method> <!-- loadPages -->
        <test-method status="PASS" signature="LeaveMenu()[pri:7, instance:com.qa.testscripts.getPageTitleForDifferentMenusTC8@6b09bb57]" name="LeaveMenu" duration-ms="3166" started-at="2021-03-12T11:07:42Z" finished-at="2021-03-12T11:07:45Z">
          <reporter-output>
          </reporter-output>
        </test-method> <!-- LeaveMenu -->
        <test-method status="PASS" signature="loadPages()[pri:0, instance:com.qa.testscripts.getPageTitleForDifferentMenusTC8@6b09bb57]" name="loadPages" is-config="true" duration-ms="2" started-at="2021-03-12T11:07:45Z" finished-at="2021-03-12T11:07:46Z">
          <reporter-output>
          </reporter-output>
        </test-method> <!-- loadPages -->
        <test-method status="PASS" signature="DashboardMenu()[pri:8, instance:com.qa.testscripts.getPageTitleForDifferentMenusTC8@6b09bb57]" name="DashboardMenu" duration-ms="1207" started-at="2021-03-12T11:07:46Z" finished-at="2021-03-12T11:07:47Z">
          <reporter-output>
          </reporter-output>
        </test-method> <!-- DashboardMenu -->
        <test-method status="PASS" signature="loadPages()[pri:0, instance:com.qa.testscripts.getPageTitleForDifferentMenusTC8@6b09bb57]" name="loadPages" is-config="true" duration-ms="1" started-at="2021-03-12T11:07:47Z" finished-at="2021-03-12T11:07:47Z">
          <reporter-output>
          </reporter-output>
        </test-method> <!-- loadPages -->
        <test-method status="PASS" signature="DirectoryMenu()[pri:9, instance:com.qa.testscripts.getPageTitleForDifferentMenusTC8@6b09bb57]" name="DirectoryMenu" duration-ms="6098" started-at="2021-03-12T11:07:47Z" finished-at="2021-03-12T11:07:53Z">
          <reporter-output>
          </reporter-output>
        </test-method> <!-- DirectoryMenu -->
        <test-method status="PASS" signature="loadPages()[pri:0, instance:com.qa.testscripts.getPageTitleForDifferentMenusTC8@6b09bb57]" name="loadPages" is-config="true" duration-ms="2" started-at="2021-03-12T11:07:53Z" finished-at="2021-03-12T11:07:53Z">
          <reporter-output>
          </reporter-output>
        </test-method> <!-- loadPages -->
        <test-method status="PASS" signature="MaintenanceMenu()[pri:10, instance:com.qa.testscripts.getPageTitleForDifferentMenusTC8@6b09bb57]" name="MaintenanceMenu" duration-ms="1071" started-at="2021-03-12T11:07:53Z" finished-at="2021-03-12T11:07:54Z">
          <reporter-output>
          </reporter-output>
        </test-method> <!-- MaintenanceMenu -->
      </class> <!-- com.qa.testscripts.getPageTitleForDifferentMenusTC8 -->
      <class name="com.qa.testscripts.readDashboardHeadingTC10andTC11andTC12">
        <test-method status="PASS" signature="loadPages()[pri:0, instance:com.qa.testscripts.readDashboardHeadingTC10andTC11andTC12@6536e911]" name="loadPages" is-config="true" duration-ms="1" started-at="2021-03-12T11:07:54Z" finished-at="2021-03-12T11:07:54Z">
          <reporter-output>
          </reporter-output>
        </test-method> <!-- loadPages -->
        <test-method status="PASS" signature="readDashboardAndtakeCaptureDashboardMenu()[pri:11, instance:com.qa.testscripts.readDashboardHeadingTC10andTC11andTC12@6536e911]" name="readDashboardAndtakeCaptureDashboardMenu" duration-ms="4055" started-at="2021-03-12T11:07:54Z" finished-at="2021-03-12T11:07:58Z">
          <reporter-output>
            <line>
              <![CDATA[User is in Dashboard]]>
            </line>
          </reporter-output>
        </test-method> <!-- readDashboardAndtakeCaptureDashboardMenu -->
        <test-method status="PASS" signature="loadPages()[pri:0, instance:com.qa.testscripts.readDashboardHeadingTC10andTC11andTC12@6536e911]" name="loadPages" is-config="true" duration-ms="1" started-at="2021-03-12T11:07:58Z" finished-at="2021-03-12T11:07:58Z">
          <reporter-output>
          </reporter-output>
        </test-method> <!-- loadPages -->
        <test-method status="SKIP" signature="retryAnalyzerDashboardMenu()[pri:12, instance:com.qa.testscripts.readDashboardHeadingTC10andTC11andTC12@6536e911]" name="retryAnalyzerDashboardMenu" duration-ms="1056" started-at="2021-03-12T11:07:58Z" finished-at="2021-03-12T11:07:59Z">
          <exception class="java.lang.AssertionError">
            <message>
              <![CDATA[expected [true] but found [false]]]>
            </message>
            <full-stacktrace>
              <![CDATA[java.lang.AssertionError: expected [true] but found [false]
at org.testng.Assert.fail(Assert.java:96)
at org.testng.Assert.failNotEquals(Assert.java:776)
at org.testng.Assert.assertTrue(Assert.java:44)
at org.testng.Assert.assertTrue(Assert.java:54)
at com.qa.testscripts.readDashboardHeadingTC10andTC11andTC12.retryAnalyzerDashboardMenu(readDashboardHeadingTC10andTC11andTC12.java:52)
at sun.reflect.NativeMethodAccessorImpl.invoke0(Native Method)
at sun.reflect.NativeMethodAccessorImpl.invoke(NativeMethodAccessorImpl.java:62)
at sun.reflect.DelegatingMethodAccessorImpl.invoke(DelegatingMethodAccessorImpl.java:43)
at java.lang.reflect.Method.invoke(Method.java:498)
at org.testng.internal.MethodInvocationHelper.invokeMethod(MethodInvocationHelper.java:124)
at org.testng.internal.Invoker.invokeMethod(Invoker.java:583)
at org.testng.internal.Invoker.invokeTestMethod(Invoker.java:719)
at org.testng.internal.Invoker.invokeTestMethods(Invoker.java:989)
at org.testng.internal.TestMethodWorker.invokeTestMethods(TestMethodWorker.java:125)
at org.testng.internal.TestMethodWorker.run(TestMethodWorker.java:109)
at org.testng.TestRunner.privateRun(TestRunner.java:648)
at org.testng.TestRunner.run(TestRunner.java:505)
at org.testng.SuiteRunner.runTest(SuiteRunner.java:455)
at org.testng.SuiteRunner.runSequentially(SuiteRunner.java:450)
at org.testng.SuiteRunner.privateRun(SuiteRunner.java:415)
at org.testng.SuiteRunner.run(SuiteRunner.java:364)
at org.testng.SuiteRunnerWorker.runSuite(SuiteRunnerWorker.java:52)
at org.testng.SuiteRunnerWorker.run(SuiteRunnerWorker.java:84)
at org.testng.TestNG.runSuitesSequentially(TestNG.java:1208)
at org.testng.TestNG.runSuitesLocally(TestNG.java:1137)
at org.testng.TestNG.runSuites(TestNG.java:1049)
at org.testng.TestNG.run(TestNG.java:1017)
at org.testng.remote.AbstractRemoteTestNG.run(AbstractRemoteTestNG.java:114)
at org.testng.remote.RemoteTestNG.initAndRun(RemoteTestNG.java:251)
at org.testng.remote.RemoteTestNG.main(RemoteTestNG.java:77)
]]>
            </full-stacktrace>
          </exception> <!-- java.lang.AssertionError -->
          <reporter-output>
            <line>
              <![CDATA[There are no items displayed]]>
            </line>
          </reporter-output>
        </test-method> <!-- retryAnalyzerDashboardMenu -->
        <test-method status="PASS" signature="loadPages()[pri:0, instance:com.qa.testscripts.readDashboardHeadingTC10andTC11andTC12@6536e911]" name="loadPages" is-config="true" duration-ms="1" started-at="2021-03-12T11:07:59Z" finished-at="2021-03-12T11:07:59Z">
          <reporter-output>
          </reporter-output>
        </test-method> <!-- loadPages -->
        <test-method status="SKIP" signature="retryAnalyzerDashboardMenu()[pri:12, instance:com.qa.testscripts.readDashboardHeadingTC10andTC11andTC12@6536e911]" name="retryAnalyzerDashboardMenu" duration-ms="1801" started-at="2021-03-12T11:07:59Z" finished-at="2021-03-12T11:08:01Z">
          <exception class="java.lang.AssertionError">
            <message>
              <![CDATA[expected [true] but found [false]]]>
            </message>
            <full-stacktrace>
              <![CDATA[java.lang.AssertionError: expected [true] but found [false]
at org.testng.Assert.fail(Assert.java:96)
at org.testng.Assert.failNotEquals(Assert.java:776)
at org.testng.Assert.assertTrue(Assert.java:44)
at org.testng.Assert.assertTrue(Assert.java:54)
at com.qa.testscripts.readDashboardHeadingTC10andTC11andTC12.retryAnalyzerDashboardMenu(readDashboardHeadingTC10andTC11andTC12.java:52)
at sun.reflect.NativeMethodAccessorImpl.invoke0(Native Method)
at sun.reflect.NativeMethodAccessorImpl.invoke(NativeMethodAccessorImpl.java:62)
at sun.reflect.DelegatingMethodAccessorImpl.invoke(DelegatingMethodAccessorImpl.java:43)
at java.lang.reflect.Method.invoke(Method.java:498)
at org.testng.internal.MethodInvocationHelper.invokeMethod(MethodInvocationHelper.java:124)
at org.testng.internal.Invoker.invokeMethod(Invoker.java:583)
at org.testng.internal.Invoker.retryFailed(Invoker.java:839)
at org.testng.internal.Invoker.invokeTestMethods(Invoker.java:1010)
at org.testng.internal.TestMethodWorker.invokeTestMethods(TestMethodWorker.java:125)
at org.testng.internal.TestMethodWorker.run(TestMethodWorker.java:109)
at org.testng.TestRunner.privateRun(TestRunner.java:648)
at org.testng.TestRunner.run(TestRunner.java:505)
at org.testng.SuiteRunner.runTest(SuiteRunner.java:455)
at org.testng.SuiteRunner.runSequentially(SuiteRunner.java:450)
at org.testng.SuiteRunner.privateRun(SuiteRunner.java:415)
at org.testng.SuiteRunner.run(SuiteRunner.java:364)
at org.testng.SuiteRunnerWorker.runSuite(SuiteRunnerWorker.java:52)
at org.testng.SuiteRunnerWorker.run(SuiteRunnerWorker.java:84)
at org.testng.TestNG.runSuitesSequentially(TestNG.java:1208)
at org.testng.TestNG.runSuitesLocally(TestNG.java:1137)
at org.testng.TestNG.runSuites(TestNG.java:1049)
at org.testng.TestNG.run(TestNG.java:1017)
at org.testng.remote.AbstractRemoteTestNG.run(AbstractRemoteTestNG.java:114)
at org.testng.remote.RemoteTestNG.initAndRun(RemoteTestNG.java:251)
at org.testng.remote.RemoteTestNG.main(RemoteTestNG.java:77)
]]>
            </full-stacktrace>
          </exception> <!-- java.lang.AssertionError -->
          <reporter-output>
            <line>
              <![CDATA[There are no items displayed]]>
            </line>
          </reporter-output>
        </test-method> <!-- retryAnalyzerDashboardMenu -->
        <test-method status="PASS" signature="loadPages()[pri:0, instance:com.qa.testscripts.readDashboardHeadingTC10andTC11andTC12@6536e911]" name="loadPages" is-config="true" duration-ms="1" started-at="2021-03-12T11:08:01Z" finished-at="2021-03-12T11:08:01Z">
          <reporter-output>
          </reporter-output>
        </test-method> <!-- loadPages -->
        <test-method status="SKIP" signature="retryAnalyzerDashboardMenu()[pri:12, instance:com.qa.testscripts.readDashboardHeadingTC10andTC11andTC12@6536e911]" name="retryAnalyzerDashboardMenu" duration-ms="1735" started-at="2021-03-12T11:08:01Z" finished-at="2021-03-12T11:08:03Z">
          <exception class="java.lang.AssertionError">
            <message>
              <![CDATA[expected [true] but found [false]]]>
            </message>
            <full-stacktrace>
              <![CDATA[java.lang.AssertionError: expected [true] but found [false]
at org.testng.Assert.fail(Assert.java:96)
at org.testng.Assert.failNotEquals(Assert.java:776)
at org.testng.Assert.assertTrue(Assert.java:44)
at org.testng.Assert.assertTrue(Assert.java:54)
at com.qa.testscripts.readDashboardHeadingTC10andTC11andTC12.retryAnalyzerDashboardMenu(readDashboardHeadingTC10andTC11andTC12.java:52)
at sun.reflect.NativeMethodAccessorImpl.invoke0(Native Method)
at sun.reflect.NativeMethodAccessorImpl.invoke(NativeMethodAccessorImpl.java:62)
at sun.reflect.DelegatingMethodAccessorImpl.invoke(DelegatingMethodAccessorImpl.java:43)
at java.lang.reflect.Method.invoke(Method.java:498)
at org.testng.internal.MethodInvocationHelper.invokeMethod(MethodInvocationHelper.java:124)
at org.testng.internal.Invoker.invokeMethod(Invoker.java:583)
at org.testng.internal.Invoker.retryFailed(Invoker.java:839)
at org.testng.internal.Invoker.invokeTestMethods(Invoker.java:1010)
at org.testng.internal.TestMethodWorker.invokeTestMethods(TestMethodWorker.java:125)
at org.testng.internal.TestMethodWorker.run(TestMethodWorker.java:109)
at org.testng.TestRunner.privateRun(TestRunner.java:648)
at org.testng.TestRunner.run(TestRunner.java:505)
at org.testng.SuiteRunner.runTest(SuiteRunner.java:455)
at org.testng.SuiteRunner.runSequentially(SuiteRunner.java:450)
at org.testng.SuiteRunner.privateRun(SuiteRunner.java:415)
at org.testng.SuiteRunner.run(SuiteRunner.java:364)
at org.testng.SuiteRunnerWorker.runSuite(SuiteRunnerWorker.java:52)
at org.testng.SuiteRunnerWorker.run(SuiteRunnerWorker.java:84)
at org.testng.TestNG.runSuitesSequentially(TestNG.java:1208)
at org.testng.TestNG.runSuitesLocally(TestNG.java:1137)
at org.testng.TestNG.runSuites(TestNG.java:1049)
at org.testng.TestNG.run(TestNG.java:1017)
at org.testng.remote.AbstractRemoteTestNG.run(AbstractRemoteTestNG.java:114)
at org.testng.remote.RemoteTestNG.initAndRun(RemoteTestNG.java:251)
at org.testng.remote.RemoteTestNG.main(RemoteTestNG.java:77)
]]>
            </full-stacktrace>
          </exception> <!-- java.lang.AssertionError -->
          <reporter-output>
            <line>
              <![CDATA[There are no items displayed]]>
            </line>
          </reporter-output>
        </test-method> <!-- retryAnalyzerDashboardMenu -->
        <test-method status="PASS" signature="loadPages()[pri:0, instance:com.qa.testscripts.readDashboardHeadingTC10andTC11andTC12@6536e911]" name="loadPages" is-config="true" duration-ms="0" started-at="2021-03-12T11:08:03Z" finished-at="2021-03-12T11:08:03Z">
          <reporter-output>
          </reporter-output>
        </test-method> <!-- loadPages -->
        <test-method status="FAIL" signature="retryAnalyzerDashboardMenu()[pri:12, instance:com.qa.testscripts.readDashboardHeadingTC10andTC11andTC12@6536e911]" name="retryAnalyzerDashboardMenu" duration-ms="1793" started-at="2021-03-12T11:08:03Z" finished-at="2021-03-12T11:08:04Z">
          <exception class="java.lang.AssertionError">
            <message>
              <![CDATA[expected [true] but found [false]]]>
            </message>
            <full-stacktrace>
              <![CDATA[java.lang.AssertionError: expected [true] but found [false]
at org.testng.Assert.fail(Assert.java:96)
at org.testng.Assert.failNotEquals(Assert.java:776)
at org.testng.Assert.assertTrue(Assert.java:44)
at org.testng.Assert.assertTrue(Assert.java:54)
at com.qa.testscripts.readDashboardHeadingTC10andTC11andTC12.retryAnalyzerDashboardMenu(readDashboardHeadingTC10andTC11andTC12.java:52)
at sun.reflect.NativeMethodAccessorImpl.invoke0(Native Method)
at sun.reflect.NativeMethodAccessorImpl.invoke(NativeMethodAccessorImpl.java:62)
at sun.reflect.DelegatingMethodAccessorImpl.invoke(DelegatingMethodAccessorImpl.java:43)
at java.lang.reflect.Method.invoke(Method.java:498)
at org.testng.internal.MethodInvocationHelper.invokeMethod(MethodInvocationHelper.java:124)
at org.testng.internal.Invoker.invokeMethod(Invoker.java:583)
at org.testng.internal.Invoker.retryFailed(Invoker.java:839)
at org.testng.internal.Invoker.invokeTestMethods(Invoker.java:1010)
at org.testng.internal.TestMethodWorker.invokeTestMethods(TestMethodWorker.java:125)
at org.testng.internal.TestMethodWorker.run(TestMethodWorker.java:109)
at org.testng.TestRunner.privateRun(TestRunner.java:648)
at org.testng.TestRunner.run(TestRunner.java:505)
at org.testng.SuiteRunner.runTest(SuiteRunner.java:455)
at org.testng.SuiteRunner.runSequentially(SuiteRunner.java:450)
at org.testng.SuiteRunner.privateRun(SuiteRunner.java:415)
at org.testng.SuiteRunner.run(SuiteRunner.java:364)
at org.testng.SuiteRunnerWorker.runSuite(SuiteRunnerWorker.java:52)
at org.testng.SuiteRunnerWorker.run(SuiteRunnerWorker.java:84)
at org.testng.TestNG.runSuitesSequentially(TestNG.java:1208)
at org.testng.TestNG.runSuitesLocally(TestNG.java:1137)
at org.testng.TestNG.runSuites(TestNG.java:1049)
at org.testng.TestNG.run(TestNG.java:1017)
at org.testng.remote.AbstractRemoteTestNG.run(AbstractRemoteTestNG.java:114)
at org.testng.remote.RemoteTestNG.initAndRun(RemoteTestNG.java:251)
at org.testng.remote.RemoteTestNG.main(RemoteTestNG.java:77)
]]>
            </full-stacktrace>
          </exception> <!-- java.lang.AssertionError -->
          <reporter-output>
            <line>
              <![CDATA[There are no items displayed]]>
            </line>
          </reporter-output>
        </test-method> <!-- retryAnalyzerDashboardMenu -->
      </class> <!-- com.qa.testscripts.readDashboardHeadingTC10andTC11andTC12 -->
      <class name="com.qa.testscripts.getPIMEmployeeTC13">
        <test-method status="PASS" signature="getPIMEmployeeMenu()[pri:13, instance:com.qa.testscripts.getPIMEmployeeTC13@520a3426]" name="getPIMEmployeeMenu" duration-ms="5335" started-at="2021-03-12T11:08:04Z" finished-at="2021-03-12T11:08:10Z">
          <reporter-output>
          </reporter-output>
        </test-method> <!-- getPIMEmployeeMenu -->
        <test-method status="PASS" signature="loadPages()[pri:0, instance:com.qa.testscripts.getPIMEmployeeTC13@520a3426]" name="loadPages" is-config="true" duration-ms="0" started-at="2021-03-12T11:08:04Z" finished-at="2021-03-12T11:08:04Z">
          <reporter-output>
          </reporter-output>
        </test-method> <!-- loadPages -->
      </class> <!-- com.qa.testscripts.getPIMEmployeeTC13 -->
      <class name="com.qa.testscripts.OrangeHRMALLTextBoxAllHyperLinkAllImagesTC2andTC3andTC4andTC5andTC7">
        <test-method status="PASS" signature="setUp(java.lang.String, java.lang.String)[pri:0, instance:com.qa.testscripts.OrangeHRMALLTextBoxAllHyperLinkAllImagesTC2andTC3andTC4andTC5andTC7@63753b6d]" name="setUp" is-config="true" duration-ms="12143" started-at="2021-03-12T11:07:06Z" finished-at="2021-03-12T11:07:18Z">
          <params>
            <param index="0">
              <value>
                <![CDATA[firefox]]>
              </value>
            </param>
            <param index="1">
              <value>
                <![CDATA[https://opensource-demo.orangehrmlive.com/]]>
              </value>
            </param>
          </params>
          <reporter-output>
          </reporter-output>
        </test-method> <!-- setUp -->
        <test-method status="PASS" signature="loadPages()[pri:0, instance:com.qa.testscripts.OrangeHRMALLTextBoxAllHyperLinkAllImagesTC2andTC3andTC4andTC5andTC7@63753b6d]" name="loadPages" is-config="true" duration-ms="1" started-at="2021-03-12T11:07:18Z" finished-at="2021-03-12T11:07:18Z">
          <reporter-output>
          </reporter-output>
        </test-method> <!-- loadPages -->
        <test-method status="PASS" signature="checkTitle()[pri:1, instance:com.qa.testscripts.OrangeHRMALLTextBoxAllHyperLinkAllImagesTC2andTC3andTC4andTC5andTC7@63753b6d]" name="checkTitle" duration-ms="18" started-at="2021-03-12T11:07:18Z" finished-at="2021-03-12T11:07:18Z">
          <reporter-output>
            <line>
              <![CDATA[Title is correct]]>
            </line>
          </reporter-output>
        </test-method> <!-- checkTitle -->
        <test-method status="PASS" signature="loadPages()[pri:0, instance:com.qa.testscripts.OrangeHRMALLTextBoxAllHyperLinkAllImagesTC2andTC3andTC4andTC5andTC7@63753b6d]" name="loadPages" is-config="true" duration-ms="1" started-at="2021-03-12T11:07:18Z" finished-at="2021-03-12T11:07:18Z">
          <reporter-output>
          </reporter-output>
        </test-method> <!-- loadPages -->
        <test-method status="PASS" signature="getALLTextBoxAllHyperLinkAllImages()[pri:2, instance:com.qa.testscripts.OrangeHRMALLTextBoxAllHyperLinkAllImagesTC2andTC3andTC4andTC5andTC7@63753b6d]" name="getALLTextBoxAllHyperLinkAllImages" duration-ms="47" started-at="2021-03-12T11:07:18Z" finished-at="2021-03-12T11:07:18Z">
          <reporter-output>
          </reporter-output>
        </test-method> <!-- getALLTextBoxAllHyperLinkAllImages -->
        <test-method status="PASS" signature="loadPages()[pri:0, instance:com.qa.testscripts.OrangeHRMALLTextBoxAllHyperLinkAllImagesTC2andTC3andTC4andTC5andTC7@63753b6d]" name="loadPages" is-config="true" duration-ms="2" started-at="2021-03-12T11:07:18Z" finished-at="2021-03-12T11:07:18Z">
          <reporter-output>
          </reporter-output>
        </test-method> <!-- loadPages -->
        <test-method status="PASS" signature="Login()[pri:3, instance:com.qa.testscripts.OrangeHRMALLTextBoxAllHyperLinkAllImagesTC2andTC3andTC4andTC5andTC7@63753b6d]" name="Login" duration-ms="9505" started-at="2021-03-12T11:07:18Z" finished-at="2021-03-12T11:07:28Z">
          <reporter-output>
          </reporter-output>
        </test-method> <!-- Login -->
        <test-method status="PASS" signature="loadPages()[pri:0, instance:com.qa.testscripts.OrangeHRMALLTextBoxAllHyperLinkAllImagesTC2andTC3andTC4andTC5andTC7@63753b6d]" name="loadPages" is-config="true" duration-ms="1" started-at="2021-03-12T11:07:28Z" finished-at="2021-03-12T11:07:28Z">
          <reporter-output>
          </reporter-output>
        </test-method> <!-- loadPages -->
        <test-method status="PASS" signature="ValidatingSubMenuOnAdminMenu()[pri:4, instance:com.qa.testscripts.OrangeHRMALLTextBoxAllHyperLinkAllImagesTC2andTC3andTC4andTC5andTC7@63753b6d]" name="ValidatingSubMenuOnAdminMenu" duration-ms="10696" started-at="2021-03-12T11:07:28Z" finished-at="2021-03-12T11:07:39Z">
          <reporter-output>
            <line>
              <![CDATA[User is in Admin]]>
            </line>
            <line>
              <![CDATA[User is in User Management]]>
            </line>
            <line>
              <![CDATA[User is in Job]]>
            </line>
            <line>
              <![CDATA[User is in Organization]]>
            </line>
            <line>
              <![CDATA[User is in Qualifications]]>
            </line>
          </reporter-output>
        </test-method> <!-- ValidatingSubMenuOnAdminMenu -->
        <test-method status="PASS" signature="tearDown()[pri:0, instance:com.qa.testscripts.OrangeHRMALLTextBoxAllHyperLinkAllImagesTC2andTC3andTC4andTC5andTC7@63753b6d]" name="tearDown" is-config="true" duration-ms="1052" started-at="2021-03-12T11:08:36Z" finished-at="2021-03-12T11:08:37Z">
          <reporter-output>
          </reporter-output>
        </test-method> <!-- tearDown -->
      </class> <!-- com.qa.testscripts.OrangeHRMALLTextBoxAllHyperLinkAllImagesTC2andTC3andTC4andTC5andTC7 -->
      <class name="com.qa.testscripts.getElementByCSSSelectorTC14">
        <test-method status="PASS" signature="loadPages()[pri:0, instance:com.qa.testscripts.getElementByCSSSelectorTC14@18eed359]" name="loadPages" is-config="true" duration-ms="1" started-at="2021-03-12T11:08:10Z" finished-at="2021-03-12T11:08:10Z">
          <reporter-output>
          </reporter-output>
        </test-method> <!-- loadPages -->
        <test-method status="PASS" signature="getElementsByCSSSelector()[pri:14, instance:com.qa.testscripts.getElementByCSSSelectorTC14@18eed359]" name="getElementsByCSSSelector" duration-ms="13714" started-at="2021-03-12T11:08:10Z" finished-at="2021-03-12T11:08:23Z">
          <reporter-output>
          </reporter-output>
        </test-method> <!-- getElementsByCSSSelector -->
      </class> <!-- com.qa.testscripts.getElementByCSSSelectorTC14 -->
      <class name="com.qa.testscripts.getElementByXpathTC15">
        <test-method status="PASS" signature="loadPages()[pri:0, instance:com.qa.testscripts.getElementByXpathTC15@3e9b1010]" name="loadPages" is-config="true" duration-ms="2" started-at="2021-03-12T11:08:23Z" finished-at="2021-03-12T11:08:23Z">
          <reporter-output>
          </reporter-output>
        </test-method> <!-- loadPages -->
        <test-method status="PASS" signature="getElementsByXpath()[pri:15, instance:com.qa.testscripts.getElementByXpathTC15@3e9b1010]" name="getElementsByXpath" duration-ms="11607" started-at="2021-03-12T11:08:23Z" finished-at="2021-03-12T11:08:35Z">
          <reporter-output>
          </reporter-output>
        </test-method> <!-- getElementsByXpath -->
      </class> <!-- com.qa.testscripts.getElementByXpathTC15 -->
    </test> <!-- Test -->
  </suite> <!-- Suite -->
</testng-results>
